<?xml version="1.0" encoding="UTF-8"?>
<!-- Generated by org.testng.reporters.JUnitReportReporter -->
<testsuite hostname="LAPTOP-OE1TQ2HD" failures="0" tests="2" name="testLayer.LoginTest" time="9.641" errors="0" timestamp="2023-03-18T11:47:49 EDT" skipped="0">
  <testcase classname="testLayer.LoginTest" name="Title" time="3.244"/>
  <system-out/>
  <testcase classname="testLayer.LoginTest" name="Login" time="6.397"/>
  <system-out/>
</testsuite> <!-- testLayer.LoginTest -->
