<?xml version="1.0" encoding="UTF-8"?>
<!-- Generated by org.testng.reporters.JUnitReportReporter -->
<testsuite hostname="LAPTOP-OE1TQ2HD" failures="0" tests="4" name="testLayer.OrderPageTest" time="61.798" errors="0" timestamp="2023-03-18T16:17:47 EDT" skipped="0">
  <testcase classname="testLayer.OrderPageTest" name="verifyOrder" time="17.522"/>
  <system-out/>
  <testcase classname="testLayer.OrderPageTest" name="verifyBuyAgain" time="15.905"/>
  <system-out/>
  <testcase classname="testLayer.OrderPageTest" name="verifyNotYetShipped" time="15.365"/>
  <system-out/>
  <testcase classname="testLayer.OrderPageTest" name="verifyCancelledOrder" time="13.006"/>
  <system-out/>
</testsuite> <!-- testLayer.OrderPageTest -->
