<?xml version="1.0" encoding="UTF-8"?>
<!-- Generated by org.testng.reporters.JUnitReportReporter -->
<testsuite hostname="LAPTOP-OE1TQ2HD" failures="0" tests="3" name="testLayer.AccountPageTest" time="35.707" errors="0" timestamp="2023-03-18T15:44:22 EDT" skipped="0">
  <testcase classname="testLayer.AccountPageTest" name="verifyYourOrder" time="12.667"/>
  <system-out/>
  <testcase classname="testLayer.AccountPageTest" name="verifyYourAddress" time="10.971"/>
  <system-out/>
  <testcase classname="testLayer.AccountPageTest" name="verifyYourPayment" time="12.069"/>
  <system-out/>
</testsuite> <!-- testLayer.AccountPageTest -->
